# JRE version: OpenJDK Runtime Environment (8.0_152-b01) (build 1.8.0_152-release-915-b01)
# Java VM: OpenJDK 64-Bit Server VM (25.152-b01 mixed mode windows-amd64 compressed oops)
Heap:
 PSYoungGen      total 292352K, used 260528K [0x00000000eab00000, 0x00000000ffb80000, 0x0000000100000000)
  eden space 242688K, 100% used [0x00000000eab00000,0x00000000f9800000,0x00000000f9800000)
  from space 49664K, 35% used [0x00000000f9800000,0x00000000fa96c0d8,0x00000000fc880000)
  to   space 46592K, 9% used [0x00000000fce00000,0x00000000fd240020,0x00000000ffb80000)
 ParOldGen       total 300544K, used 240877K [0x00000000c0000000, 0x00000000d2580000, 0x00000000eab00000)
  object space 300544K, 80% used [0x00000000c0000000,0x00000000ceb3b618,0x00000000d2580000)
 Metaspace       used 91802K, capacity 98976K, committed 99288K, reserved 1134592K
  class space    used 11586K, capacity 13214K, committed 13312K, reserved 1048576K
GC Heap History (10 events):
Event: 2108.500 GC heap before
{Heap before GC invocations=52 (full 5):
 PSYoungGen      total 283648K, used 248936K [0x00000000eab00000, 0x00000000ff800000, 0x0000000100000000)
  eden space 232448K, 99% used [0x00000000eab00000,0x00000000f8d220c8,0x00000000f8e00000)
  from space 51200K, 33% used [0x00000000fc600000,0x00000000fd6f8060,0x00000000ff800000)
  to   space 54272K, 0% used [0x00000000f8e00000,0x00000000f8e00000,0x00000000fc300000)
 ParOldGen       total 300544K, used 240837K [0x00000000c0000000, 0x00000000d2580000, 0x00000000eab00000)
  object space 300544K, 80% used [0x00000000c0000000,0x00000000ceb31618,0x00000000d2580000)
 Metaspace       used 88620K, capacity 94602K, committed 94808K, reserved 1132544K
  class space    used 11072K, capacity 12410K, committed 12416K, reserved 1048576K
Event: 2108.549 GC heap after
Heap after GC invocations=52 (full 5):
 PSYoungGen      total 286720K, used 21449K [0x00000000eab00000, 0x0000000100000000, 0x0000000100000000)
  eden space 232448K, 0% used [0x00000000eab00000,0x00000000eab00000,0x00000000f8e00000)
  from space 54272K, 39% used [0x00000000f8e00000,0x00000000fa2f24a8,0x00000000fc300000)
  to   space 52736K, 0% used [0x00000000fcc80000,0x00000000fcc80000,0x0000000100000000)
 ParOldGen       total 300544K, used 240845K [0x00000000c0000000, 0x00000000d2580000, 0x00000000eab00000)
  object space 300544K, 80% used [0x00000000c0000000,0x00000000ceb33618,0x00000000d2580000)
 Metaspace       used 88620K, capacity 94602K, committed 94808K, reserved 1132544K
  class space    used 11072K, capacity 12410K, committed 12416K, reserved 1048576K
}
Event: 2110.607 GC heap before
{Heap before GC invocations=53 (full 5):
 PSYoungGen      total 286720K, used 253897K [0x00000000eab00000, 0x0000000100000000, 0x0000000100000000)
  eden space 232448K, 100% used [0x00000000eab00000,0x00000000f8e00000,0x00000000f8e00000)
  from space 54272K, 39% used [0x00000000f8e00000,0x00000000fa2f24a8,0x00000000fc300000)
  to   space 52736K, 0% used [0x00000000fcc80000,0x00000000fcc80000,0x0000000100000000)
 ParOldGen       total 300544K, used 240845K [0x00000000c0000000, 0x00000000d2580000, 0x00000000eab00000)
  object space 300544K, 80% used [0x00000000c0000000,0x00000000ceb33618,0x00000000d2580000)
 Metaspace       used 88678K, capacity 94604K, committed 94808K, reserved 1132544K
  class space    used 11073K, capacity 12411K, committed 12416K, reserved 1048576K
Event: 2110.673 GC heap after
Heap after GC invocations=53 (full 5):
 PSYoungGen      total 294400K, used 28440K [0x00000000eab00000, 0x0000000100000000, 0x0000000100000000)
  eden space 241664K, 0% used [0x00000000eab00000,0x00000000eab00000,0x00000000f9700000)
  from space 52736K, 53% used [0x00000000fcc80000,0x00000000fe8462c8,0x0000000100000000)
  to   space 53760K, 0% used [0x00000000f9700000,0x00000000f9700000,0x00000000fcb80000)
 ParOldGen       total 300544K, used 240853K [0x00000000c0000000, 0x00000000d2580000, 0x00000000eab00000)
  object space 300544K, 80% used [0x00000000c0000000,0x00000000ceb35618,0x00000000d2580000)
 Metaspace       used 88678K, capacity 94604K, committed 94808K, reserved 1132544K
  class space    used 11073K, capacity 12411K, committed 12416K, reserved 1048576K
}
Event: 2114.881 GC heap before
{Heap before GC invocations=54 (full 5):
 PSYoungGen      total 294400K, used 269605K [0x00000000eab00000, 0x0000000100000000, 0x0000000100000000)
  eden space 241664K, 99% used [0x00000000eab00000,0x00000000f96833b8,0x00000000f9700000)
  from space 52736K, 53% used [0x00000000fcc80000,0x00000000fe8462c8,0x0000000100000000)
  to   space 53760K, 0% used [0x00000000f9700000,0x00000000f9700000,0x00000000fcb80000)
 ParOldGen       total 300544K, used 240853K [0x00000000c0000000, 0x00000000d2580000, 0x00000000eab00000)
  object space 300544K, 80% used [0x00000000c0000000,0x00000000ceb35618,0x00000000d2580000)
 Metaspace       used 88814K, capacity 94754K, committed 94808K, reserved 1132544K
  class space    used 11074K, capacity 12414K, committed 12416K, reserved 1048576K
Event: 2114.915 GC heap after
Heap after GC invocations=54 (full 5):
 PSYoungGen      total 295424K, used 24244K [0x00000000eab00000, 0x00000000fff00000, 0x0000000100000000)
  eden space 241664K, 0% used [0x00000000eab00000,0x00000000eab00000,0x00000000f9700000)
  from space 53760K, 45% used [0x00000000f9700000,0x00000000faead378,0x00000000fcb80000)
  to   space 52736K, 0% used [0x00000000fcb80000,0x00000000fcb80000,0x00000000fff00000)
 ParOldGen       total 300544K, used 240861K [0x00000000c0000000, 0x00000000d2580000, 0x00000000eab00000)
  object space 300544K, 80% used [0x00000000c0000000,0x00000000ceb37618,0x00000000d2580000)
 Metaspace       used 88814K, capacity 94754K, committed 94808K, reserved 1132544K
  class space    used 11074K, capacity 12414K, committed 12416K, reserved 1048576K
}
Event: 2833.580 GC heap before
{Heap before GC invocations=55 (full 5):
 PSYoungGen      total 295424K, used 265908K [0x00000000eab00000, 0x00000000fff00000, 0x0000000100000000)
  eden space 241664K, 100% used [0x00000000eab00000,0x00000000f9700000,0x00000000f9700000)
  from space 53760K, 45% used [0x00000000f9700000,0x00000000faead378,0x00000000fcb80000)
  to   space 52736K, 0% used [0x00000000fcb80000,0x00000000fcb80000,0x00000000fff00000)
 ParOldGen       total 300544K, used 240861K [0x00000000c0000000, 0x00000000d2580000, 0x00000000eab00000)
  object space 300544K, 80% used [0x00000000c0000000,0x00000000ceb37618,0x00000000d2580000)
 Metaspace       used 89329K, capacity 95390K, committed 95448K, reserved 1132544K
  class space    used 11164K, capacity 12540K, committed 12544K, reserved 1048576K
Event: 2833.626 GC heap after
Heap after GC invocations=55 (full 5):
 PSYoungGen      total 289280K, used 18288K [0x00000000eab00000, 0x00000000ff900000, 0x0000000100000000)
  eden space 242688K, 0% used [0x00000000eab00000,0x00000000eab00000,0x00000000f9800000)
  from space 46592K, 39% used [0x00000000fcb80000,0x00000000fdd5c050,0x00000000ff900000)
  to   space 49664K, 0% used [0x00000000f9800000,0x00000000f9800000,0x00000000fc880000)
 ParOldGen       total 300544K, used 240869K [0x00000000c0000000, 0x00000000d2580000, 0x00000000eab00000)
  object space 300544K, 80% used [0x00000000c0000000,0x00000000ceb39618,0x00000000d2580000)
 Metaspace       used 89329K, capacity 95390K, committed 95448K, reserved 1132544K
  class space    used 11164K, capacity 12540K, committed 12544K, reserved 1048576K
}
Event: 4265.082 GC heap before
{Heap before GC invocations=56 (full 5):
 PSYoungGen      total 289280K, used 260976K [0x00000000eab00000, 0x00000000ff900000, 0x0000000100000000)
  eden space 242688K, 100% used [0x00000000eab00000,0x00000000f9800000,0x00000000f9800000)
  from space 46592K, 39% used [0x00000000fcb80000,0x00000000fdd5c050,0x00000000ff900000)
  to   space 49664K, 0% used [0x00000000f9800000,0x00000000f9800000,0x00000000fc880000)
 ParOldGen       total 300544K, used 240869K [0x00000000c0000000, 0x00000000d2580000, 0x00000000eab00000)
  object space 300544K, 80% used [0x00000000c0000000,0x00000000ceb39618,0x00000000d2580000)
 Metaspace       used 91376K, capacity 98154K, committed 98392K, reserved 1134592K
  class space    used 11516K, capacity 13089K, committed 13184K, reserved 1048576K
Event: 4265.236 GC heap after
Heap after GC invocations=56 (full 5):
 PSYoungGen      total 292352K, used 17840K [0x00000000eab00000, 0x00000000ffb80000, 0x0000000100000000)
  eden space 242688K, 0% used [0x00000000eab00000,0x00000000eab00000,0x00000000f9800000)
  from space 49664K, 35% used [0x00000000f9800000,0x00000000fa96c0d8,0x00000000fc880000)
  to   space 46592K, 0% used [0x00000000fce00000,0x00000000fce00000,0x00000000ffb80000)
 ParOldGen       total 300544K, used 240877K [0x00000000c0000000, 0x00000000d2580000, 0x00000000eab00000)
  object space 300544K, 80% used [0x00000000c0000000,0x00000000ceb3b618,0x00000000d2580000)
 Metaspace       used 91376K, capacity 98154K, committed 98392K, reserved 1134592K
  class space    used 11516K, capacity 13089K, committed 13184K, reserved 1048576K
}

